2023-02-03 10:49:27,180 DEBUG    root            Loaded Command Group: ['gcloud', 'auth']
2023-02-03 10:49:27,181 DEBUG    root            Loaded Command Group: ['gcloud', 'auth', 'application_default']
2023-02-03 10:49:27,183 DEBUG    root            Loaded Command Group: ['gcloud', 'auth', 'application-default', 'login']
2023-02-03 10:49:27,184 DEBUG    root            Running [gcloud.auth.application-default.login] with arguments: [--scopes: "['https://www.googleapis.com/auth/bigquery', 'https://www.googleapis.com/auth/drive.readonly', 'https://www.googleapis.com/auth/iam.test']"]
2023-02-03 10:49:27,187 DEBUG    requests_oauthlib.oauth2_session Generated new state aBoyIUfLYH2gOYjVIRXb19MOqKLwh7.
2023-02-03 10:49:27,315 INFO     ___FILE_ONLY___ Your browser has been opened to visit:

    https://accounts.google.com/o/oauth2/auth?response_type=code&client_id=764086051850-6qr4p6gpi6hn506pt8ejuq83di341hur.apps.googleusercontent.com&redirect_uri=http%3A%2F%2Flocalhost%3A8085%2F&scope=https%3A%2F%2Fwww.googleapis.com%2Fauth%2Fbigquery+https%3A%2F%2Fwww.googleapis.com%2Fauth%2Fdrive.readonly+https%3A%2F%2Fwww.googleapis.com%2Fauth%2Fiam.test+https%3A%2F%2Fwww.googleapis.com%2Fauth%2Faccounts.reauth&state=aBoyIUfLYH2gOYjVIRXb19MOqKLwh7&access_type=offline&code_challenge=44afs6qyobT7RbwstSoWC6SS3rVTUmrV4zsSUnEOhkM&code_challenge_method=S256


2023-02-03 10:49:33,655 INFO     google_auth_oauthlib.flow "GET /?state=aBoyIUfLYH2gOYjVIRXb19MOqKLwh7&code=4/0AWtgzh4SQH4_kcKcBMfnEyuv6JgwXfxhD_90PTw11nCt0XSUss9ERHchW5f5YbRYmYqrsQ&scope=https://www.googleapis.com/auth/bigquery%20https://www.googleapis.com/auth/drive.readonly%20https://www.googleapis.com/auth/iam.test%20https://www.googleapis.com/auth/accounts.reauth HTTP/1.1" 200 959
2023-02-03 10:49:33,657 DEBUG    requests_oauthlib.oauth2_session Requesting url https://oauth2.googleapis.com/token using method POST.
2023-02-03 10:49:33,657 DEBUG    requests_oauthlib.oauth2_session Supplying headers {b'Accept': b'application/json', b'Content-Type': b'application/x-www-form-urlencoded;charset=UTF-8', b'user-agent': b'google-cloud-sdk gcloud/416.0.0 command/gcloud.auth.application-default.login invocation-id/cfe8d8f1a7224a0eac3ffb54ac31a40b environment/None environment-version/None interactive/True from-script/False python/3.10.9 term/xterm-256color (Macintosh; Intel Mac OS X 22.1.0)'} and data {'grant_type': 'authorization_code', 'client_id': '764086051850-6qr4p6gpi6hn506pt8ejuq83di341hur.apps.googleusercontent.com', 'client_secret': 'd-FL95Q19q7MQmFpd7hHD0Ty', 'code': '4/0AWtgzh4SQH4_kcKcBMfnEyuv6JgwXfxhD_90PTw11nCt0XSUss9ERHchW5f5YbRYmYqrsQ', 'redirect_uri': 'http://localhost:8085/', 'code_verifier': 'zkiG44y8Aw46~fCz015IvWABYLDz2-21w4gg41Obl1y0jre_Jj5lSZOEWBr7ri.3K0t_qULGU5xC420_-WMx4Ml-LbGsPA4EiJ7zF-SUqwMWRbs1J7y.Ab2VjyjPCgHk'}
2023-02-03 10:49:33,657 DEBUG    requests_oauthlib.oauth2_session Passing through key word arguments {'json': None, 'timeout': None, 'auth': None, 'verify': None, 'proxies': None}.
2023-02-03 10:49:33,674 DEBUG    urllib3.connectionpool Starting new HTTPS connection (1): oauth2.googleapis.com:443
2023-02-03 10:49:33,867 DEBUG    urllib3.connectionpool https://oauth2.googleapis.com:443 "POST /token HTTP/1.1" 200 None
2023-02-03 10:49:33,869 DEBUG    requests_oauthlib.oauth2_session Prepared fetch token request body grant_type=authorization_code&client_id=764086051850-6qr4p6gpi6hn506pt8ejuq83di341hur.apps.googleusercontent.com&client_secret=d-FL95Q19q7MQmFpd7hHD0Ty&code=4%2F0AWtgzh4SQH4_kcKcBMfnEyuv6JgwXfxhD_90PTw11nCt0XSUss9ERHchW5f5YbRYmYqrsQ&redirect_uri=http%3A%2F%2Flocalhost%3A8085%2F&code_verifier=zkiG44y8Aw46~fCz015IvWABYLDz2-21w4gg41Obl1y0jre_Jj5lSZOEWBr7ri.3K0t_qULGU5xC420_-WMx4Ml-LbGsPA4EiJ7zF-SUqwMWRbs1J7y.Ab2VjyjPCgHk
2023-02-03 10:49:33,869 DEBUG    requests_oauthlib.oauth2_session Request to fetch token completed with status 200.
2023-02-03 10:49:33,869 DEBUG    requests_oauthlib.oauth2_session Request headers were {'user-agent': b'google-cloud-sdk gcloud/416.0.0 command/gcloud.auth.application-default.login invocation-id/cfe8d8f1a7224a0eac3ffb54ac31a40b environment/None environment-version/None interactive/True from-script/False python/3.10.9 term/xterm-256color (Macintosh; Intel Mac OS X 22.1.0)', 'Accept-Encoding': 'gzip, deflate', 'Accept': b'application/json', 'Connection': 'keep-alive', 'Content-Type': b'application/x-www-form-urlencoded;charset=UTF-8', 'Content-Length': '421'}
2023-02-03 10:49:33,869 DEBUG    requests_oauthlib.oauth2_session Request body was grant_type=authorization_code&client_id=764086051850-6qr4p6gpi6hn506pt8ejuq83di341hur.apps.googleusercontent.com&client_secret=d-FL95Q19q7MQmFpd7hHD0Ty&code=4%2F0AWtgzh4SQH4_kcKcBMfnEyuv6JgwXfxhD_90PTw11nCt0XSUss9ERHchW5f5YbRYmYqrsQ&redirect_uri=http%3A%2F%2Flocalhost%3A8085%2F&code_verifier=zkiG44y8Aw46~fCz015IvWABYLDz2-21w4gg41Obl1y0jre_Jj5lSZOEWBr7ri.3K0t_qULGU5xC420_-WMx4Ml-LbGsPA4EiJ7zF-SUqwMWRbs1J7y.Ab2VjyjPCgHk
2023-02-03 10:49:33,869 DEBUG    requests_oauthlib.oauth2_session Response headers were {'Cache-Control': 'no-cache, no-store, max-age=0, must-revalidate', 'Pragma': 'no-cache', 'Expires': 'Mon, 01 Jan 1990 00:00:00 GMT', 'Date': 'Fri, 03 Feb 2023 18:49:33 GMT', 'Content-Type': 'application/json; charset=utf-8', 'Vary': 'Origin, X-Origin, Referer', 'Content-Encoding': 'gzip', 'Server': 'scaffolding on HTTPServer2', 'X-XSS-Protection': '0', 'X-Frame-Options': 'SAMEORIGIN', 'X-Content-Type-Options': 'nosniff', 'Alt-Svc': 'h3=":443"; ma=2592000,h3-29=":443"; ma=2592000', 'Transfer-Encoding': 'chunked'} and content {
  "access_token": "ya29.a0AVvZVspTDux-a3nGW4esWQz_M3nAwnNvM0dMMxXyVaqOlJdJ7YfNRiid4SKPHduqj1S7sDg_D3EHCcI76eCGk4Af4mDxVH2qHD_jf19G1DMAyr_-OZ5izXpQ88B9EL0M23fnzog_o_UR7pSzF-f-1pr_4ByOaCgYKAaASARESFQGbdwaINEmuQiDe6L2XogXkd2-5SA0163",
  "expires_in": 3599,
  "refresh_token": "1//06ivvqjNI1vDRCgYIARAAGAYSNwF-L9Ir6GHBbJzrGC8JhuyVWjKyXuQsPmCo-dJrFbs__Dwho1HY2im_2opnpmLiMnNmwPianew",
  "scope": "https://www.googleapis.com/auth/bigquery https://www.googleapis.com/auth/iam.test https://www.googleapis.com/auth/drive.readonly https://www.googleapis.com/auth/accounts.reauth",
  "token_type": "Bearer"
}.
2023-02-03 10:49:33,869 DEBUG    requests_oauthlib.oauth2_session Invoking 0 token response hooks.
2023-02-03 10:49:33,869 DEBUG    requests_oauthlib.oauth2_session Obtained token {'access_token': 'ya29.a0AVvZVspTDux-a3nGW4esWQz_M3nAwnNvM0dMMxXyVaqOlJdJ7YfNRiid4SKPHduqj1S7sDg_D3EHCcI76eCGk4Af4mDxVH2qHD_jf19G1DMAyr_-OZ5izXpQ88B9EL0M23fnzog_o_UR7pSzF-f-1pr_4ByOaCgYKAaASARESFQGbdwaINEmuQiDe6L2XogXkd2-5SA0163', 'expires_in': 3599, 'refresh_token': '1//06ivvqjNI1vDRCgYIARAAGAYSNwF-L9Ir6GHBbJzrGC8JhuyVWjKyXuQsPmCo-dJrFbs__Dwho1HY2im_2opnpmLiMnNmwPianew', 'scope': ['https://www.googleapis.com/auth/bigquery', 'https://www.googleapis.com/auth/iam.test', 'https://www.googleapis.com/auth/drive.readonly', 'https://www.googleapis.com/auth/accounts.reauth'], 'token_type': 'Bearer', 'expires_at': 1675453772.869798}.
2023-02-03 10:49:33,875 INFO     ___FILE_ONLY___ 
Credentials saved to file: [/Users/ca/.config/gcloud/application_default_credentials.json]

2023-02-03 10:49:33,875 INFO     ___FILE_ONLY___ 
These credentials will be used by any library that requests Application Default Credentials (ADC).

2023-02-03 10:49:33,885 INFO     root            Using alternate credentials from file: [/Users/ca/.config/gcloud/application_default_credentials.json]
2023-02-03 10:49:33,888 DEBUG    google.auth.transport.requests Making request: POST https://oauth2.googleapis.com/token
2023-02-03 10:49:33,892 DEBUG    urllib3.connectionpool Starting new HTTPS connection (1): oauth2.googleapis.com:443
2023-02-03 10:49:34,005 DEBUG    urllib3.connectionpool https://oauth2.googleapis.com:443 "POST /token HTTP/1.1" 200 None
2023-02-03 10:49:34,012 INFO     root            Using alternate credentials from file: [/Users/ca/.config/gcloud/application_default_credentials.json]
2023-02-03 10:49:34,031 DEBUG    urllib3.connectionpool Starting new HTTPS connection (1): cloudresourcemanager.googleapis.com:443
2023-02-03 10:49:34,487 DEBUG    urllib3.connectionpool https://cloudresourcemanager.googleapis.com:443 "POST /v1/projects/fivetran-ethika-warehouse-a-5:testIamPermissions?alt=json HTTP/1.1" 200 None
2023-02-03 10:49:34,495 WARNING  root            
Cannot add the project "fivetran-ethika-warehouse-a-5" to ADC as the quota project because the account in ADC does not have the "serviceusage.services.use" permission on this project. You might receive a "quota_exceeded" or "API not enabled" error. Run $ gcloud auth application-default set-quota-project to add a quota project.
2023-02-03 10:49:34,496 DEBUG    root            Chosen display Format:none
2023-02-03 10:49:34,496 INFO     root            Display format: "none"
